c:\temp\projects\patria2\histogramprog\histogramprog\debug\vc142.pdb
c:\temp\projects\patria2\histogramprog\histogramprog\debug\vc142.idb
c:\temp\projects\patria2\histogramprog\histogramprog\debug\log.obj
c:\temp\projects\patria2\histogramprog\histogramprog\debug\histogrambase.obj
c:\temp\projects\patria2\histogramprog\histogramprog\debug\histogramprog.obj
c:\temp\projects\patria2\histogramprog\histogramprog\debug\histogram.obj
c:\temp\projects\patria2\histogramprog\histogramprog\debug\histogram.obj.enc
c:\temp\projects\patria2\histogramprog\histogramprog\debug\histogramprog.obj.enc
c:\temp\projects\patria2\histogramprog\histogramprog\debug\log.obj.enc
c:\temp\projects\patria2\histogramprog\debug\histogramprog.pdb
c:\temp\projects\patria2\histogramprog\histogramprog\debug\histogramprog.tlog\cl.command.1.tlog
c:\temp\projects\patria2\histogramprog\histogramprog\debug\histogramprog.tlog\cl.read.1.tlog
c:\temp\projects\patria2\histogramprog\histogramprog\debug\histogramprog.tlog\cl.write.1.tlog
c:\temp\projects\patria2\histogramprog\histogramprog\debug\histogramprog.tlog\link.29996-cvtres.read.1.tlog
c:\temp\projects\patria2\histogramprog\histogramprog\debug\histogramprog.tlog\link.29996-cvtres.write.1.tlog
c:\temp\projects\patria2\histogramprog\histogramprog\debug\histogramprog.tlog\link.29996-rc.read.1.tlog
c:\temp\projects\patria2\histogramprog\histogramprog\debug\histogramprog.tlog\link.29996-rc.write.1.tlog
c:\temp\projects\patria2\histogramprog\histogramprog\debug\histogramprog.tlog\link.29996.read.1.tlog
c:\temp\projects\patria2\histogramprog\histogramprog\debug\histogramprog.tlog\link.29996.write.1.tlog
c:\temp\projects\patria2\histogramprog\histogramprog\debug\histogramprog.tlog\link.command.1.tlog
c:\temp\projects\patria2\histogramprog\histogramprog\debug\histogramprog.tlog\link.read.1.tlog
c:\temp\projects\patria2\histogramprog\histogramprog\debug\histogramprog.tlog\link.write.1.tlog
